Android-Bluetooth-Remote-Control/app/build/outputs/logs/manifest-merger-debug-report.txt
-- Merging decision tree log ---
manifest
ADDED from src/main/AndroidManifest.xml:2:1-87:12
	package
		ADDED from src/main/AndroidManifest.xml:3:5-28
		INJECTED from src/main/AndroidManifest.xml
		INJECTED from src/main/AndroidManifest.xml
	android:versionName
		ADDED from src/main/AndroidManifest.xml:5:5-30
		INJECTED from src/main/AndroidManifest.xml
		INJECTED from src/main/AndroidManifest.xml
	android:versionCode
		ADDED from src/main/AndroidManifest.xml:4:5-28
		INJECTED from src/main/AndroidManifest.xml
		INJECTED from src/main/AndroidManifest.xml
	xmlns:android
		ADDED from src/main/AndroidManifest.xml:2:11-69
uses-sdk
ADDED from src/main/AndroidManifest.xml:7:5-9:41
MERGED from [com.android.support:appcompat-v7:22.2.1] AndroidManifest.xml:20:5-43
MERGED from [com.android.support:support-v4:22.2.1] AndroidManifest.xml:20:5-43
	android:targetSdkVersion
		ADDED from src/main/AndroidManifest.xml:9:9-38
		INJECTED from src/main/AndroidManifest.xml
		INJECTED from src/main/AndroidManifest.xml
	android:minSdkVersion
		ADDED from src/main/AndroidManifest.xml:8:9-35
		INJECTED from src/main/AndroidManifest.xml
		INJECTED from src/main/AndroidManifest.xml
supports-screens
ADDED from src/main/AndroidManifest.xml:11:5-17:40
	android:largeScreens
		ADDED from src/main/AndroidManifest.xml:13:9-36
	android:smallScreens
		ADDED from src/main/AndroidManifest.xml:16:9-36
	android:normalScreens
		ADDED from src/main/AndroidManifest.xml:14:9-37
	android:xlargeScreens
		ADDED from src/main/AndroidManifest.xml:17:9-37
	android:resizeable
		ADDED from src/main/AndroidManifest.xml:15:9-34
	android:anyDensity
		ADDED from src/main/AndroidManifest.xml:12:9-34
uses-permission#android.permission.CAMERA
ADDED from src/main/AndroidManifest.xml:19:5-65
	android:name
		ADDED from src/main/AndroidManifest.xml:19:22-62
uses-permission#android.permission.BLUETOOTH
ADDED from src/main/AndroidManifest.xml:20:5-68
	android:name
		ADDED from src/main/AndroidManifest.xml:20:22-65
uses-permission#android.permission.BLUETOOTH_ADMIN
ADDED from src/main/AndroidManifest.xml:21:5-74
	android:name
		ADDED from src/main/AndroidManifest.xml:21:22-71
uses-permission#android.permission.INTERNET
ADDED from src/main/AndroidManifest.xml:22:5-67
	android:name
		ADDED from src/main/AndroidManifest.xml:22:22-64
uses-permission#android.permission.RECORD_AUDIO
ADDED from src/main/AndroidManifest.xml:23:5-71
	android:name
		ADDED from src/main/AndroidManifest.xml:23:22-68
uses-feature#android.hardware.sensor.accelerometer
ADDED from src/main/AndroidManifest.xml:25:5-27:35
	android:required
		ADDED from src/main/AndroidManifest.xml:27:9-32
	android:name
		ADDED from src/main/AndroidManifest.xml:26:9-61
uses-feature#android.hardware.screen.portrait
ADDED from src/main/AndroidManifest.xml:28:5-30:35
	android:required
		ADDED from src/main/AndroidManifest.xml:30:9-32
	android:name
		ADDED from src/main/AndroidManifest.xml:29:9-56
android:uses-permission#android.permission.WRITE_EXTERNAL_STORAGE
ADDED from src/main/AndroidManifest.xml:32:5-89
	android:name
		ADDED from src/main/AndroidManifest.xml:32:30-86
android:uses-permission#android.permission.READ_PHONE_STATE
ADDED from src/main/AndroidManifest.xml:33:5-83
	android:name
		ADDED from src/main/AndroidManifest.xml:33:30-80
android:uses-permission#android.permission.READ_EXTERNAL_STORAGE
ADDED from src/main/AndroidManifest.xml:34:5-88
	android:name
		ADDED from src/main/AndroidManifest.xml:34:30-85
application
ADDED from src/main/AndroidManifest.xml:36:5-85:19
MERGED from [com.android.support:appcompat-v7:22.2.1] AndroidManifest.xml:22:5-20
MERGED from [com.android.support:support-v4:22.2.1] AndroidManifest.xml:22:5-20
	android:label
		ADDED from src/main/AndroidManifest.xml:40:9-41
	android:allowBackup
		ADDED from src/main/AndroidManifest.xml:38:9-35
	android:icon
		ADDED from src/main/AndroidManifest.xml:39:9-41
	android:name
		ADDED from src/main/AndroidManifest.xml:37:9-50
activity#com.bluetooth.DeviceSelectActivity
ADDED from src/main/AndroidManifest.xml:41:9-45:52
	android:screenOrientation
		ADDED from src/main/AndroidManifest.xml:45:13-49
	android:label
		ADDED from src/main/AndroidManifest.xml:43:13-45
	android:launchMode
		ADDED from src/main/AndroidManifest.xml:44:13-44
	android:name
		ADDED from src/main/AndroidManifest.xml:42:13-49
activity#com.bluetooth.ActionListActivity
ADDED from src/main/AndroidManifest.xml:46:9-55:20
	android:screenOrientation
		ADDED from src/main/AndroidManifest.xml:49:13-49
	android:label
		ADDED from src/main/AndroidManifest.xml:48:13-39
	android:name
		ADDED from src/main/AndroidManifest.xml:47:13-47
intent-filter#android.intent.action.MAIN+android.intent.category.LAUNCHER
ADDED from src/main/AndroidManifest.xml:50:13-54:29
action#android.intent.action.MAIN
ADDED from src/main/AndroidManifest.xml:51:17-69
	android:name
		ADDED from src/main/AndroidManifest.xml:51:25-66
category#android.intent.category.LAUNCHER
ADDED from src/main/AndroidManifest.xml:53:17-77
	android:name
		ADDED from src/main/AndroidManifest.xml:53:27-74
activity#com.bluetooth.activities.AccelerometerControl
ADDED from src/main/AndroidManifest.xml:56:9-59:52
	android:screenOrientation
		ADDED from src/main/AndroidManifest.xml:59:13-49
	android:label
		ADDED from src/main/AndroidManifest.xml:58:13-50
	android:name
		ADDED from src/main/AndroidManifest.xml:57:13-60
activity#com.bluetooth.activities.TouchControl
ADDED from src/main/AndroidManifest.xml:60:9-63:52
	android:screenOrientation
		ADDED from src/main/AndroidManifest.xml:63:13-49
	android:label
		ADDED from src/main/AndroidManifest.xml:62:13-42
	android:name
		ADDED from src/main/AndroidManifest.xml:61:13-52
activity#com.bluetooth.activities.VoiceControl
ADDED from src/main/AndroidManifest.xml:64:9-67:52
	android:screenOrientation
		ADDED from src/main/AndroidManifest.xml:67:13-49
	android:label
		ADDED from src/main/AndroidManifest.xml:66:13-42
	android:name
		ADDED from src/main/AndroidManifest.xml:65:13-52
activity#com.bluetooth.activities.SendData
ADDED from src/main/AndroidManifest.xml:68:9-71:52
	android:screenOrientation
		ADDED from src/main/AndroidManifest.xml:71:13-49
	android:label
		ADDED from src/main/AndroidManifest.xml:70:13-38
	android:name
		ADDED from src/main/AndroidManifest.xml:69:13-48
activity#com.bluetooth.activities.LineFollower
ADDED from src/main/AndroidManifest.xml:72:9-75:52
	android:screenOrientation
		ADDED from src/main/AndroidManifest.xml:75:13-49
	android:label
		ADDED from src/main/AndroidManifest.xml:74:13-42
	android:name
		ADDED from src/main/AndroidManifest.xml:73:13-52
activity#com.bluetooth.activities.KillAllHumans
ADDED from src/main/AndroidManifest.xml:76:9-79:52
	android:screenOrientation
		ADDED from src/main/AndroidManifest.xml:79:13-49
	android:label
		ADDED from src/main/AndroidManifest.xml:78:13-44
	android:name
		ADDED from src/main/AndroidManifest.xml:77:13-53
activity#com.bluetooth.activities.WiFiControl
ADDED from src/main/AndroidManifest.xml:80:9-83:52
	android:screenOrientation
		ADDED from src/main/AndroidManifest.xml:83:13-49
	android:label
		ADDED from src/main/AndroidManifest.xml:82:13-35
	android:name
		ADDED from src/main/AndroidManifest.xml:81:13-51
activity#com.bluetooth.activities.VidActivity
ADDED from src/main/AndroidManifest.xml:84:9-69
	android:name
		ADDED from src/main/AndroidManifest.xml:84:19-57